<?xml version="1.0" encoding="UTF-8"?>
<!-- Generated by org.testng.reporters.JUnitReportReporter -->
<testsuite hostname="yasaswi" failures="0" tests="7" name="runners.CucumberRunner" time="255.866" errors="1" timestamp="2024-11-11T23:00:25 IST" skipped="0">
  <testcase classname="runners.CucumberRunner" name="runScenario" time="24.351">
    <system-out>
      <![CDATA[Browser is launched
User should be able to mouse hover on waterproofing link
User should be able to see the sub-options in Waterproofing
User clicked on Bathrooms link
User clicked on Bathrooms link]]>
    </system-out>
  </testcase> <!-- runScenario -->
  <testcase classname="runners.CucumberRunner" name="runScenario" time="39.113">
    <system-out>
      <![CDATA[Browser is launched
User should be able to mouse hover on waterproofing link
User should be able to see the sub-options in Waterproofing
User clicked on Bathrooms link
User should be able to navigate to Bathrooms products page
Balconiesis selected]]>
    </system-out>
  </testcase> <!-- runScenario -->
  <testcase classname="runners.CucumberRunner" name="runScenario" time="31.828">
    <system-out>
      <![CDATA[Browser is launched
User should be able to mouse hover on waterproofing link
User should be able to see the sub-options in Waterproofing
User clicked on Bathrooms link
User should view ultra products]]>
    </system-out>
  </testcase> <!-- runScenario -->
  <testcase classname="runners.CucumberRunner" name="runScenario" time="37.832">
    <error message="element click intercepted: Element &lt;img src=&quot;//static.asianpaints.com/content/dam/asianpaints/footer-icons/our-divisions-icons/decor-pro.webp&quot; alt=&quot;decor-pro&quot; title=&quot;decor-pro&quot; width=&quot;86&quot; height=&quot;31&quot; loading=&quot;lazy&quot; fetchpriority=&quot;auto&quot;&gt; is not clickable at point (546, 27). Other element would receive the click: &lt;a href=&quot;https://www.asianpaints.com/products/paints-and-textures.html&quot; data-target=&quot;#Paintscolours&quot; class=&quot;track_section anchor-main&quot; tabindex=&quot;0&quot;&gt;...&lt;/a&gt;
  (Session info: chrome=130.0.6723.69)
Build info: version: &#039;4.16.1&#039;, revision: &#039;9b4c83354e&#039;
System info: os.name: &#039;Windows 11&#039;, os.arch: &#039;amd64&#039;, os.version: &#039;10.0&#039;, java.version: &#039;23&#039;
Driver info: org.openqa.selenium.chrome.ChromeDriver
Command: [969aace6edb66fc3b258e510cf34ccfb, clickElement {id=f.EC3A5F4FA7C2689E0AAB948916D2B90C.d.C35337930C17863FDBF51AFB058EA5C2.e.409}]
Capabilities {acceptInsecureCerts: false, browserName: chrome, browserVersion: 130.0.6723.69, chrome: {chromedriverVersion: 130.0.6723.116 (6ac35f94ae3..., userDataDir: C:\Users\yasac\AppData\Loca...}, fedcm:accounts: true, goog:chromeOptions: {debuggerAddress: localhost:54509}, networkConnectionEnabled: false, pageLoadStrategy: normal, platformName: windows, proxy: Proxy(), se:cdp: ws://localhost:54509/devtoo..., se:cdpVersion: 130.0.6723.69, setWindowRect: true, strictFileInteractability: false, timeouts: {implicit: 0, pageLoad: 300000, script: 30000}, unhandledPromptBehavior: dismiss and notify, webauthn:extension:credBlob: true, webauthn:extension:largeBlob: true, webauthn:extension:minPinLength: true, webauthn:extension:prf: true, webauthn:virtualAuthenticators: true}
Element: [[ChromeDriver: chrome on windows (969aace6edb66fc3b258e510cf34ccfb)] -&gt; xpath: //div[text()=&#039;Our Divisions&#039;]/..//img[@title=&#039;decor-pro&#039;]]
Session ID: 969aace6edb66fc3b258e510cf34ccfb" type="org.openqa.selenium.ElementClickInterceptedException">
      <![CDATA[org.openqa.selenium.ElementClickInterceptedException: element click intercepted: Element <img src="//static.asianpaints.com/content/dam/asianpaints/footer-icons/our-divisions-icons/decor-pro.webp" alt="decor-pro" title="decor-pro" width="86" height="31" loading="lazy" fetchpriority="auto"> is not clickable at point (546, 27). Other element would receive the click: <a href="https://www.asianpaints.com/products/paints-and-textures.html" data-target="#Paintscolours" class="track_section anchor-main" tabindex="0">...</a>
  (Session info: chrome=130.0.6723.69)
Build info: version: '4.16.1', revision: '9b4c83354e'
System info: os.name: 'Windows 11', os.arch: 'amd64', os.version: '10.0', java.version: '23'
Driver info: org.openqa.selenium.chrome.ChromeDriver
Command: [969aace6edb66fc3b258e510cf34ccfb, clickElement {id=f.EC3A5F4FA7C2689E0AAB948916D2B90C.d.C35337930C17863FDBF51AFB058EA5C2.e.409}]
Capabilities {acceptInsecureCerts: false, browserName: chrome, browserVersion: 130.0.6723.69, chrome: {chromedriverVersion: 130.0.6723.116 (6ac35f94ae3..., userDataDir: C:\Users\yasac\AppData\Loca...}, fedcm:accounts: true, goog:chromeOptions: {debuggerAddress: localhost:54509}, networkConnectionEnabled: false, pageLoadStrategy: normal, platformName: windows, proxy: Proxy(), se:cdp: ws://localhost:54509/devtoo..., se:cdpVersion: 130.0.6723.69, setWindowRect: true, strictFileInteractability: false, timeouts: {implicit: 0, pageLoad: 300000, script: 30000}, unhandledPromptBehavior: dismiss and notify, webauthn:extension:credBlob: true, webauthn:extension:largeBlob: true, webauthn:extension:minPinLength: true, webauthn:extension:prf: true, webauthn:virtualAuthenticators: true}
Element: [[ChromeDriver: chrome on windows (969aace6edb66fc3b258e510cf34ccfb)] -> xpath: //div[text()='Our Divisions']/..//img[@title='decor-pro']]
Session ID: 969aace6edb66fc3b258e510cf34ccfb
at java.base/jdk.internal.reflect.DirectConstructorHandleAccessor.newInstance(DirectConstructorHandleAccessor.java:62)
at java.base/java.lang.reflect.Constructor.newInstanceWithCaller(Constructor.java:501)
at java.base/java.lang.reflect.Constructor.newInstance(Constructor.java:485)
at org.openqa.selenium.remote.codec.w3c.W3CHttpResponseCodec.createException(W3CHttpResponseCodec.java:200)
at org.openqa.selenium.remote.codec.w3c.W3CHttpResponseCodec.decode(W3CHttpResponseCodec.java:133)
at org.openqa.selenium.remote.codec.w3c.W3CHttpResponseCodec.decode(W3CHttpResponseCodec.java:52)
at org.openqa.selenium.remote.HttpCommandExecutor.execute(HttpCommandExecutor.java:191)
at org.openqa.selenium.remote.service.DriverCommandExecutor.invokeExecute(DriverCommandExecutor.java:200)
at org.openqa.selenium.remote.service.DriverCommandExecutor.execute(DriverCommandExecutor.java:175)
at org.openqa.selenium.remote.RemoteWebDriver.execute(RemoteWebDriver.java:523)
at org.openqa.selenium.remote.RemoteWebElement.execute(RemoteWebElement.java:224)
at org.openqa.selenium.remote.RemoteWebElement.click(RemoteWebElement.java:77)
at java.base/jdk.internal.reflect.DirectMethodHandleAccessor.invoke(DirectMethodHandleAccessor.java:103)
at java.base/java.lang.reflect.Method.invoke(Method.java:580)
at org.openqa.selenium.support.pagefactory.internal.LocatingElementHandler.invoke(LocatingElementHandler.java:51)
at jdk.proxy2/jdk.proxy2.$Proxy25.click(Unknown Source)
at stepDefinition.DecorPro.scroll_down_and_click_on_decor_pro(DecorPro.java:39)
at ✽.scroll down and click on  decor pro(file:///C:/Users/yasac/eclipse-workspace/AsianPaints/./src/test/resources/features/decorPro.feature:9)
]]>
    </error>
    <system-out>
      <![CDATA[Browser is launched
User should be able to mouse hover on waterproofing link
User should be able to see the sub-options in Waterproofing
User clicked on Bathrooms link
User should be able to navigate to Bathrooms products page]]>
    </system-out>
  </testcase> <!-- runScenario -->
  <testcase classname="runners.CucumberRunner" name="runScenario" time="65.274">
    <system-out>
      <![CDATA[Browser is launched
User should be able to mouse hover on waterproofing link
User should be able to see the sub-options in Waterproofing
User clicked on Bathrooms link]]>
    </system-out>
  </testcase> <!-- runScenario -->
  <testcase classname="runners.CucumberRunner" name="runScenario" time="32.812">
    <system-out>
      <![CDATA[Browser is launched
User should be able to mouse hover on waterproofing link
User should be able to see the sub-options in Waterproofing
User clicked on Bathrooms link
User should be able to navigate to Bathrooms products page
Economyis selected]]>
    </system-out>
  </testcase> <!-- runScenario -->
  <testcase classname="runners.CucumberRunner" name="runScenario" time="24.656">
    <system-out>
      <![CDATA[Browser is launched
User should be able to mouse hover on waterproofing link
User should be able to see the sub-options in Waterproofing
User clicked on Bathrooms link
User clicked on Bathrooms link]]>
    </system-out>
  </testcase> <!-- runScenario -->
  <system-out>
    <![CDATA[Browser is launched
User should be able to mouse hover on waterproofing link
User should be able to see the sub-options in Waterproofing
User clicked on Bathrooms link
User should be able to navigate to Bathrooms products page
Economyis selected
Browser is launched
User should be able to mouse hover on waterproofing link
User should be able to see the sub-options in Waterproofing
User clicked on Bathrooms link
User should be able to navigate to Bathrooms products page
Balconiesis selected
Browser is launched
User should be able to mouse hover on waterproofing link
User should be able to see the sub-options in Waterproofing
User clicked on Bathrooms link
User should be able to navigate to Bathrooms products page
Browser is launched
User should be able to mouse hover on waterproofing link
User should be able to see the sub-options in Waterproofing
User clicked on Bathrooms link
Browser is launched
User should be able to mouse hover on waterproofing link
User should be able to see the sub-options in Waterproofing
User clicked on Bathrooms link
User should view ultra products
Browser is launched
User should be able to mouse hover on waterproofing link
User should be able to see the sub-options in Waterproofing
User clicked on Bathrooms link
User clicked on Bathrooms link
Browser is launched
User should be able to mouse hover on waterproofing link
User should be able to see the sub-options in Waterproofing
User clicked on Bathrooms link
User clicked on Bathrooms link]]>
  </system-out>
</testsuite> <!-- runners.CucumberRunner -->
