<?xml version="1.0" encoding="UTF-8"?>
<!-- Generated by org.testng.reporters.JUnitReportReporter -->
<testsuite hostname="yasaswi" failures="0" tests="9" name="com.runners.CucumberRunner" time="599.570" errors="1" timestamp="2024-11-13T17:58:45 IST" skipped="0">
  <testcase classname="com.runners.CucumberRunner" name="runScenario" time="80.005">
    <system-out>
      <![CDATA[Browser is launched
User should be able to mouse hover on waterproofing link
User should be able to see the sub-options in Waterproofing
User clicked on Bathrooms link
Store locator should be clicked
User is able to view store locator page]]>
    </system-out>
  </testcase> <!-- runScenario -->
  <testcase classname="com.runners.CucumberRunner" name="runScenario" time="23.551">
    <system-out>
      <![CDATA[Browser is launched
User should be able to mouse hover on waterproofing link
User should be able to see the sub-options in Waterproofing
User clicked on Bathrooms link
User should be able to navigate to Bathrooms products page
Balconiesis selected]]>
    </system-out>
  </testcase> <!-- runScenario -->
  <testcase classname="com.runners.CucumberRunner" name="runScenario" time="37.550">
    <system-out>
      <![CDATA[Browser is launched
User should be able to mouse hover on waterproofing link
User should be able to see the sub-options in Waterproofing
User clicked on Bathrooms link
User should be able to navigate to Bathrooms products page
Economyis selected]]>
    </system-out>
  </testcase> <!-- runScenario -->
  <testcase classname="com.runners.CucumberRunner" name="runScenario" time="107.358">
    <system-out>
      <![CDATA[Browser is launched
User should be able to mouse hover on waterproofing link
User should be able to see the sub-options in Waterproofing
User clicked on Bathrooms link
User shoULD Click On Ultra Block Products 
User should view ultra products]]>
    </system-out>
  </testcase> <!-- runScenario -->
  <testcase classname="com.runners.CucumberRunner" name="runScenario" time="53.874">
    <error message="element click intercepted: Element &lt;a href=&quot;https://www.asianpaints.com/decorpro.html&quot; target=&quot;_blank&quot; class=&quot;divisioncards&quot; aria-label=&quot;decor-pro&quot;&gt;...&lt;/a&gt; is not clickable at point (546, 585). Other element would receive the click: &lt;a class=&quot;track_third_level&quot; href=&quot;https://www.asianpaints.com/where-the-heart-is/season-7.html&quot; tabindex=&quot;-1&quot;&gt;...&lt;/a&gt;
  (Session info: chrome=130.0.6723.69)
Build info: version: &#039;4.16.1&#039;, revision: &#039;9b4c83354e&#039;
System info: os.name: &#039;Windows 11&#039;, os.arch: &#039;amd64&#039;, os.version: &#039;10.0&#039;, java.version: &#039;23&#039;
Driver info: org.openqa.selenium.chrome.ChromeDriver
Command: [38d56ff02b84c734884855fdba8344d1, clickElement {id=f.E3798BC68EDD5289E009FC4174358825.d.CD3E73759B87E50D22465662F40D5333.e.399}]
Capabilities {acceptInsecureCerts: false, browserName: chrome, browserVersion: 130.0.6723.69, chrome: {chromedriverVersion: 130.0.6723.116 (6ac35f94ae3..., userDataDir: C:\Users\yasac\AppData\Loca...}, fedcm:accounts: true, goog:chromeOptions: {debuggerAddress: localhost:59819}, networkConnectionEnabled: false, pageLoadStrategy: normal, platformName: windows, proxy: Proxy(), se:cdp: ws://localhost:59819/devtoo..., se:cdpVersion: 130.0.6723.69, setWindowRect: true, strictFileInteractability: false, timeouts: {implicit: 0, pageLoad: 300000, script: 30000}, unhandledPromptBehavior: dismiss and notify, webauthn:extension:credBlob: true, webauthn:extension:largeBlob: true, webauthn:extension:minPinLength: true, webauthn:extension:prf: true, webauthn:virtualAuthenticators: true}
Element: [[ChromeDriver: chrome on windows (38d56ff02b84c734884855fdba8344d1)] -&gt; xpath: //a[@aria-label=&#039;decor-pro&#039;]]
Session ID: 38d56ff02b84c734884855fdba8344d1" type="org.openqa.selenium.ElementClickInterceptedException">
      <![CDATA[org.openqa.selenium.ElementClickInterceptedException: element click intercepted: Element <a href="https://www.asianpaints.com/decorpro.html" target="_blank" class="divisioncards" aria-label="decor-pro">...</a> is not clickable at point (546, 585). Other element would receive the click: <a class="track_third_level" href="https://www.asianpaints.com/where-the-heart-is/season-7.html" tabindex="-1">...</a>
  (Session info: chrome=130.0.6723.69)
Build info: version: '4.16.1', revision: '9b4c83354e'
System info: os.name: 'Windows 11', os.arch: 'amd64', os.version: '10.0', java.version: '23'
Driver info: org.openqa.selenium.chrome.ChromeDriver
Command: [38d56ff02b84c734884855fdba8344d1, clickElement {id=f.E3798BC68EDD5289E009FC4174358825.d.CD3E73759B87E50D22465662F40D5333.e.399}]
Capabilities {acceptInsecureCerts: false, browserName: chrome, browserVersion: 130.0.6723.69, chrome: {chromedriverVersion: 130.0.6723.116 (6ac35f94ae3..., userDataDir: C:\Users\yasac\AppData\Loca...}, fedcm:accounts: true, goog:chromeOptions: {debuggerAddress: localhost:59819}, networkConnectionEnabled: false, pageLoadStrategy: normal, platformName: windows, proxy: Proxy(), se:cdp: ws://localhost:59819/devtoo..., se:cdpVersion: 130.0.6723.69, setWindowRect: true, strictFileInteractability: false, timeouts: {implicit: 0, pageLoad: 300000, script: 30000}, unhandledPromptBehavior: dismiss and notify, webauthn:extension:credBlob: true, webauthn:extension:largeBlob: true, webauthn:extension:minPinLength: true, webauthn:extension:prf: true, webauthn:virtualAuthenticators: true}
Element: [[ChromeDriver: chrome on windows (38d56ff02b84c734884855fdba8344d1)] -> xpath: //a[@aria-label='decor-pro']]
Session ID: 38d56ff02b84c734884855fdba8344d1
at java.base/jdk.internal.reflect.DirectConstructorHandleAccessor.newInstance(DirectConstructorHandleAccessor.java:62)
at java.base/java.lang.reflect.Constructor.newInstanceWithCaller(Constructor.java:501)
at java.base/java.lang.reflect.Constructor.newInstance(Constructor.java:485)
at org.openqa.selenium.remote.codec.w3c.W3CHttpResponseCodec.createException(W3CHttpResponseCodec.java:200)
at org.openqa.selenium.remote.codec.w3c.W3CHttpResponseCodec.decode(W3CHttpResponseCodec.java:133)
at org.openqa.selenium.remote.codec.w3c.W3CHttpResponseCodec.decode(W3CHttpResponseCodec.java:52)
at org.openqa.selenium.remote.HttpCommandExecutor.execute(HttpCommandExecutor.java:191)
at org.openqa.selenium.remote.service.DriverCommandExecutor.invokeExecute(DriverCommandExecutor.java:200)
at org.openqa.selenium.remote.service.DriverCommandExecutor.execute(DriverCommandExecutor.java:175)
at org.openqa.selenium.remote.RemoteWebDriver.execute(RemoteWebDriver.java:523)
at org.openqa.selenium.remote.RemoteWebElement.execute(RemoteWebElement.java:224)
at org.openqa.selenium.remote.RemoteWebElement.click(RemoteWebElement.java:77)
at java.base/jdk.internal.reflect.DirectMethodHandleAccessor.invoke(DirectMethodHandleAccessor.java:103)
at java.base/java.lang.reflect.Method.invoke(Method.java:580)
at org.openqa.selenium.support.pagefactory.internal.LocatingElementHandler.invoke(LocatingElementHandler.java:51)
at jdk.proxy2/jdk.proxy2.$Proxy25.click(Unknown Source)
at com.stepDefinition.DecorPro.scroll_down_and_click_on_decor_pro(DecorPro.java:55)
at ✽.scroll down and click on  decor pro(file:///C:/Users/yasac/eclipse-workspace/AsianPaints/./src/test/resources/features/decorPro.feature:9)
]]>
    </error>
    <system-out>
      <![CDATA[Browser is launched
User should be able to mouse hover on waterproofing link
User should be able to see the sub-options in Waterproofing
User clicked on Bathrooms link
User should be able to navigate to Bathrooms products page]]>
    </system-out>
  </testcase> <!-- runScenario -->
  <testcase classname="com.runners.CucumberRunner" name="runScenario" time="134.095">
    <system-out>
      <![CDATA[Browser is launched
User should be able to mouse hover on waterproofing link
User should be able to see the sub-options in Waterproofing
User clicked on Bathrooms link
User will navigate to Bath Sense Page
User clicked on collections of Faucet & Fittings
User clicked on homePage
User should navigate to treat your senses to inspiring designs page]]>
    </system-out>
  </testcase> <!-- runScenario -->
  <testcase classname="com.runners.CucumberRunner" name="runScenario" time="50.762">
    <system-out>
      <![CDATA[Browser is launched
LoginPage is successfully displayed
Successfully Entered the number
Successfully logged in
Successfully logged in]]>
    </system-out>
  </testcase> <!-- runScenario -->
  <testcase classname="com.runners.CucumberRunner" name="runScenario" time="78.477">
    <system-out>
      <![CDATA[Browser is launched
User should be able to mouse hover on waterproofing link
User should be able to see the sub-options in Waterproofing
User clicked on Bathrooms link
User clicled on cart link
Cart should be displayed]]>
    </system-out>
  </testcase> <!-- runScenario -->
  <testcase classname="com.runners.CucumberRunner" name="runScenario" time="33.898">
    <system-out>
      <![CDATA[Browser is launched
User should be able to mouse hover on waterproofing link
User should be able to see the sub-options in Waterproofing
User clicked on Bathrooms link
User should navigate to Sleek Kitchens page
User clicked on book consultation
User entered valid credentials
User clicked on submit
User should see Thank You note ]]>
    </system-out>
  </testcase> <!-- runScenario -->
  <system-out>
    <![CDATA[Browser is launched
User should be able to mouse hover on waterproofing link
User should be able to see the sub-options in Waterproofing
User clicked on Bathrooms link
User will navigate to Bath Sense Page
User clicked on collections of Faucet & Fittings
User clicked on homePage
User should navigate to treat your senses to inspiring designs page
Browser is launched
User should be able to mouse hover on waterproofing link
User should be able to see the sub-options in Waterproofing
User clicked on Bathrooms link
User should be able to navigate to Bathrooms products page
Economyis selected
Browser is launched
User should be able to mouse hover on waterproofing link
User should be able to see the sub-options in Waterproofing
User clicked on Bathrooms link
User should be able to navigate to Bathrooms products page
Balconiesis selected
Browser is launched
User should be able to mouse hover on waterproofing link
User should be able to see the sub-options in Waterproofing
User clicked on Bathrooms link
User should be able to navigate to Bathrooms products page
Browser is launched
LoginPage is successfully displayed
Successfully Entered the number
Successfully logged in
Successfully logged in
Browser is launched
User should be able to mouse hover on waterproofing link
User should be able to see the sub-options in Waterproofing
User clicked on Bathrooms link
User should navigate to Sleek Kitchens page
User clicked on book consultation
User entered valid credentials
User clicked on submit
User should see Thank You note 
Browser is launched
User should be able to mouse hover on waterproofing link
User should be able to see the sub-options in Waterproofing
User clicked on Bathrooms link
User shoULD Click On Ultra Block Products 
User should view ultra products
Browser is launched
User should be able to mouse hover on waterproofing link
User should be able to see the sub-options in Waterproofing
User clicked on Bathrooms link
User clicled on cart link
Cart should be displayed
Browser is launched
User should be able to mouse hover on waterproofing link
User should be able to see the sub-options in Waterproofing
User clicked on Bathrooms link
Store locator should be clicked
User is able to view store locator page]]>
  </system-out>
</testsuite> <!-- com.runners.CucumberRunner -->
